<?xml version="1.0" encoding="UTF-8"?>
<!-- Generated by org.testng.reporters.JUnitXMLReporter -->
<testsuite hostname="LAPTOP-L2U129KB" failures="0" tests="3" name="HomePageUIParallelExecution" time="19.864" errors="0" timestamp="13 Nov 2021 20:33:48 GMT">
  <testcase classname="com.crm.qa.testcases.HomePageTest" name="TC01_VerifyLogoisDisplayed" time="0.103"/>
  <testcase classname="com.crm.qa.testcases.HomePageTest" name="TC02_VerifyContactUsCointainerisDisplayed" time="0.062"/>
  <testcase classname="com.crm.qa.testcases.HomePageTest" name="TC03_VerifyIndustryExperienceContainerDisplayed" time="0.66"/>
</testsuite> <!-- HomePageUIParallelExecution -->
