<?xml version="1.0" encoding="UTF-8"?>
<!-- Generated by org.testng.reporters.JUnitXMLReporter -->
<testsuite hostname="LAPTOP-L2U129KB" failures="0" tests="3" name="test 1" time="0.031" errors="0" timestamp="13 Nov 2021 20:01:23 GMT">
  <testcase classname="com.crm.qa.testcases.ExampleTest" name="tc01" time="0.005"/>
  <testcase classname="com.crm.qa.testcases.ExampleTest" name="tc02" time="0.001"/>
  <testcase classname="com.crm.qa.testcases.ExampleTest" name="tc03" time="0.001"/>
</testsuite> <!-- test 1 -->
