<?xml version="1.0" encoding="UTF-8"?>
<testsuite xmlns:xsi="http://www.w3.org/2001/XMLSchema-instance" xsi:noNamespaceSchemaLocation="https://maven.apache.org/surefire/maven-surefire-plugin/xsd/surefire-test-report-3.0.xsd" version="3.0" name="TestSuite" time="2.196" tests="14" errors="0" skipped="12" failures="2">
  <properties>
[...]
</properties>
  <testcase name="setUp" classname="com.crm.qa.testcases.FlightTestCases" time="1.462">
    <failure message="unknown error: cannot find Chrome binary&#10;  (Driver info: chromedriver=74.0.3729.6 (255758eccf3d244491b8a1317aa76e1ce10d57e9-refs/branch-heads/3729@{#29}),platform=Windows NT 10.0.19042 x86_64) (WARNING: The server did not provide any stacktrace information)&#10;Command duration or timeout: 152 milliseconds&#10;Build info: version: &apos;3.141.59&apos;, revision: &apos;e82be7d358&apos;, time: &apos;2018-11-14T08:17:03&apos;&#10;System info: host: &apos;LAPTOP-L2U129KB&apos;, ip: &apos;192.168.2.198&apos;, os.name: &apos;Windows 10&apos;, os.arch: &apos;amd64&apos;, os.version: &apos;10.0&apos;, java.version: &apos;16.0.2&apos;&#10;Driver info: driver.version: ChromeDriver" type="org.openqa.selenium.WebDriverException">org.openqa.selenium.WebDriverException: 
unknown error: cannot find Chrome binary
  (Driver info: chromedriver=74.0.3729.6 (255758eccf3d244491b8a1317aa76e1ce10d57e9-refs/branch-heads/3729@{#29}),platform=Windows NT 10.0.19042 x86_64) (WARNING: The server did not provide any stacktrace information)
Command duration or timeout: 152 milliseconds
Build info: version: '3.141.59', revision: 'e82be7d358', time: '2018-11-14T08:17:03'
System info: host: 'LAPTOP-L2U129KB', ip: '192.168.2.198', os.name: 'Windows 10', os.arch: 'amd64', os.version: '10.0', java.version: '16.0.2'
Driver info: driver.version: ChromeDriver
	at com.crm.qa.testcases.FlightTestCases.setUp(FlightTestCases.java:24)
</failure>
    <system-err><![CDATA[log4j:ERROR Could not find value for key log4j.appender.Appender1
log4j:ERROR Could not instantiate appender named "Appender1".
log4j:ERROR Could not find value for key log4j.appender.Appneder2
log4j:ERROR Could not instantiate appender named "Appneder2".
log4j:ERROR Could not find value for key log4j.appender.Appender1
log4j:ERROR Could not instantiate appender named "Appender1".
log4j:ERROR Could not find value for key log4j.appender.Appneder2
log4j:ERROR Could not instantiate appender named "Appneder2".
Starting ChromeDriver 74.0.3729.6 (255758eccf3d244491b8a1317aa76e1ce10d57e9-refs/branch-heads/3729@{#29}) on port 25997
Only local connections are allowed.
Please protect ports used by ChromeDriver and related test frameworks to prevent access by malicious code.
]]></system-err>
  </testcase>
  <testcase name="setUp" classname="com.crm.qa.testcases.SearchFlightTestCases" time="0">
    <skipped/>
  </testcase>
  <testcase name="setUp" classname="com.crm.qa.testcases.SearchFlightTestCases" time="0">
    <skipped/>
  </testcase>
  <testcase name="setUp" classname="com.crm.qa.testcases.SearchFlightTestCases" time="0">
    <skipped/>
  </testcase>
  <testcase name="setUp" classname="com.crm.qa.testcases.SearchFlightTestCases" time="0">
    <skipped/>
  </testcase>
  <testcase name="TC001_VerifyHeaderContent" classname="com.crm.qa.testcases.SearchFlightTestCases" time="0">
    <skipped/>
  </testcase>
  <testcase name="TC001_CheckifLogoisPresent" classname="com.crm.qa.testcases.FlightTestCases" time="0">
    <skipped/>
  </testcase>
  <testcase name="TC002_SelectFlightOption" classname="com.crm.qa.testcases.FlightTestCases" time="0">
    <skipped/>
  </testcase>
  <testcase name="TC002_SearchFligh" classname="com.crm.qa.testcases.SearchFlightTestCases" time="0">
    <skipped/>
  </testcase>
  <testcase name="TC003_CheckifLogoisPresent" classname="com.crm.qa.testcases.FlightTestCases" time="0">
    <skipped/>
  </testcase>
  <testcase name="TC004_SelectFlightOption" classname="com.crm.qa.testcases.FlightTestCases" time="0">
    <skipped/>
  </testcase>
  <testcase name="TC003_VerifyHeaderContent" classname="com.crm.qa.testcases.SearchFlightTestCases" time="0">
    <skipped/>
  </testcase>
  <testcase name="TC005_VerifyHeaderContent" classname="com.crm.qa.testcases.SearchFlightTestCases" time="0">
    <skipped/>
  </testcase>
  <testcase name="tearDown" classname="com.crm.qa.testcases.FlightTestCases" time="0.031">
    <failure message="Cannot invoke &quot;org.openqa.selenium.WebDriver.manage()&quot; because &quot;com.crm.qa.base.TestBase.driver&quot; is null" type="java.lang.NullPointerException">java.lang.NullPointerException: Cannot invoke "org.openqa.selenium.WebDriver.manage()" because "com.crm.qa.base.TestBase.driver" is null
	at com.crm.qa.testcases.FlightTestCases.tearDown(FlightTestCases.java:53)
</failure>
  </testcase>
</testsuite>