<?xml version="1.0" encoding="UTF-8"?>
<testng-results total="1" passed="1" failed="0" skipped="0">
  <reporter-output>
  </reporter-output>
  <suite started-at="2021-11-09T00:22:13Z" name="Default suite" finished-at="2021-11-09T00:22:18Z" duration-ms="5514">
    <groups>
      <group name="UI">
        <method signature="HomePageTest.TC01_VerifyLogoisDisplayed()[pri:0, instance:com.crm.qa.testcases.HomePageTest@7674f035]" name="TC01_VerifyLogoisDisplayed" class="com.crm.qa.testcases.HomePageTest"/>
      </group> <!-- UI -->
      <group name="Simple">
        <method signature="HomePageTest.TC01_VerifyLogoisDisplayed()[pri:0, instance:com.crm.qa.testcases.HomePageTest@7674f035]" name="TC01_VerifyLogoisDisplayed" class="com.crm.qa.testcases.HomePageTest"/>
      </group> <!-- Simple -->
    </groups>
    <test started-at="2021-11-09T00:22:13Z" name="Default test" finished-at="2021-11-09T00:22:18Z" duration-ms="5514">
      <class name="com.crm.qa.testcases.HomePageTest">
        <test-method is-config="true" signature="setUp(java.lang.reflect.Method)[pri:0, instance:com.crm.qa.testcases.HomePageTest@7674f035]" started-at="2021-11-08T18:22:13Z" name="setUp" finished-at="2021-11-08T18:22:18Z" duration-ms="5402" status="PASS">
          <params>
            <param index="0">
              <value>
                <![CDATA[public void com.crm.qa.testcases.HomePageTest.TC01_VerifyLogoisDisplayed()]]>
              </value>
            </param>
          </params>
          <reporter-output>
          </reporter-output>
        </test-method> <!-- setUp -->
        <test-method signature="TC01_VerifyLogoisDisplayed()[pri:0, instance:com.crm.qa.testcases.HomePageTest@7674f035]" started-at="2021-11-08T18:22:18Z" name="TC01_VerifyLogoisDisplayed" finished-at="2021-11-08T18:22:18Z" duration-ms="101" status="PASS">
          <reporter-output>
          </reporter-output>
        </test-method> <!-- TC01_VerifyLogoisDisplayed -->
        <test-method is-config="true" signature="tearDown()[pri:0, instance:com.crm.qa.testcases.HomePageTest@7674f035]" started-at="2021-11-08T18:22:18Z" name="tearDown" finished-at="2021-11-08T18:22:19Z" duration-ms="186" status="PASS">
          <reporter-output>
          </reporter-output>
        </test-method> <!-- tearDown -->
      </class> <!-- com.crm.qa.testcases.HomePageTest -->
    </test> <!-- Default test -->
  </suite> <!-- Default suite -->
</testng-results>
