<?xml version="1.0" encoding="UTF-8"?>
<testng-results total="0" passed="0" failed="0" skipped="0">
  <reporter-output>
  </reporter-output>
  <suite started-at="2021-11-10T23:52:42Z" name="ParallelExecutionExample" finished-at="2021-11-10T23:52:42Z" duration-ms="5">
    <groups>
    </groups>
    <test started-at="2021-11-10T23:52:42Z" name="HomePageUIParallelExecution" finished-at="2021-11-10T23:52:42Z" duration-ms="5">
    </test> <!-- HomePageUIParallelExecution -->
  </suite> <!-- ParallelExecutionExample -->
</testng-results>
